<?xml version="1.0" encoding="UTF-8"?>
<!-- Generated by org.testng.reporters.JUnitReportReporter -->
<testsuite skipped="0" hostname="LAPTOP-EQ65NQ75" name="DriveTestPackage.GDriveTest" tests="3" failures="0" timestamp="20 May 2021 14:44:58 GMT" time="1512.885" errors="0">
  <testcase name="testGoogleDriveLogin" time="2.086" classname="DriveTestPackage.GDriveTest"/>
  <testcase name="testPreview" time="1498.640" classname="DriveTestPackage.GDriveTest"/>
  <testcase name="testDownload" time="12.159" classname="DriveTestPackage.GDriveTest"/>
</testsuite> <!-- DriveTestPackage.GDriveTest -->
