<?xml version="1.0" encoding="UTF-8"?>
<!-- Generated by org.testng.reporters.JUnitReportReporter -->
<testsuite skipped="0" hostname="LAPTOP-EQ65NQ75" name="DriveTestPackage.GDriveTest" tests="3" failures="0" timestamp="13 May 2021 21:06:33 GMT" time="14.069" errors="0">
  <testcase name="testGoogleDriveLogin" time="3.778" classname="DriveTestPackage.GDriveTest"/>
  <testcase name="testPreview" time="8.129" classname="DriveTestPackage.GDriveTest"/>
  <testcase name="testDownload" time="2.162" classname="DriveTestPackage.GDriveTest"/>
</testsuite> <!-- DriveTestPackage.GDriveTest -->
