<?xml version="1.0" encoding="UTF-8"?>
<!-- Generated by org.testng.reporters.JUnitReportReporter -->
<testsuite skipped="0" hostname="LAPTOP-EQ65NQ75" name="DriveTestPackage.GDriveTest" tests="3" failures="0" timestamp="14 May 2021 08:24:52 GMT" time="41.342" errors="0">
  <testcase name="testGoogleDriveLogin" time="2.329" classname="DriveTestPackage.GDriveTest"/>
  <testcase name="testPreview" time="38.893" classname="DriveTestPackage.GDriveTest"/>
  <testcase name="testDownload" time="0.120" classname="DriveTestPackage.GDriveTest"/>
</testsuite> <!-- DriveTestPackage.GDriveTest -->
