<?xml version="1.0" encoding="UTF-8"?>
<!-- Generated by org.testng.reporters.JUnitReportReporter -->
<testsuite skipped="0" hostname="LAPTOP-EQ65NQ75" name="DriveTestPackage.GDriveTest" tests="3" failures="0" timestamp="20 May 2021 15:07:10 GMT" time="82.707" errors="0">
  <testcase name="testGoogleDriveLogin" time="0.088" classname="DriveTestPackage.GDriveTest"/>
  <testcase name="testPreview" time="70.584" classname="DriveTestPackage.GDriveTest"/>
  <testcase name="testDownload" time="12.035" classname="DriveTestPackage.GDriveTest"/>
</testsuite> <!-- DriveTestPackage.GDriveTest -->
