<?xml version="1.0" encoding="UTF-8"?>
<!-- Generated by org.testng.reporters.JUnitReportReporter -->
<testsuite skipped="0" hostname="LAPTOP-EQ65NQ75" name="DriveTestPackage.GDriveTest" tests="3" failures="0" timestamp="14 May 2021 01:35:13 GMT" time="13.116" errors="0">
  <testcase name="testGoogleDriveLogin" time="3.012" classname="DriveTestPackage.GDriveTest"/>
  <testcase name="testPreview" time="8.860" classname="DriveTestPackage.GDriveTest"/>
  <testcase name="testDownload" time="1.244" classname="DriveTestPackage.GDriveTest"/>
</testsuite> <!-- DriveTestPackage.GDriveTest -->
