<?xml version="1.0" encoding="UTF-8"?>
<!-- Generated by org.testng.reporters.JUnitReportReporter -->
<testsuite skipped="0" hostname="LAPTOP-EQ65NQ75" name="DriveTestPackage.GDriveTest" tests="3" failures="0" timestamp="17 May 2021 19:51:32 GMT" time="42.316" errors="0">
  <testcase name="testGoogleDriveLogin" time="7.089" classname="DriveTestPackage.GDriveTest"/>
  <testcase name="testPreview" time="19.245" classname="DriveTestPackage.GDriveTest"/>
  <testcase name="testDownload" time="15.982" classname="DriveTestPackage.GDriveTest"/>
</testsuite> <!-- DriveTestPackage.GDriveTest -->
